0 info it worked if it ends with ok
1 verbose cli [ '/usr/local/bin/node',
1 verbose cli   '/usr/local/bin/npm',
1 verbose cli   'install',
1 verbose cli   'fancyui',
1 verbose cli   '-d' ]
2 info using npm@4.0.3
3 info using node@v6.2.0
4 silly loadCurrentTree Starting
5 silly install loadCurrentTree
6 silly install readLocalPackageData
7 silly fetchPackageMetaData fancyui@^2.0.7-split.2
8 silly fetchNamedPackageData fancyui
9 silly mapToRegistry name fancyui
10 silly mapToRegistry using default registry
11 silly mapToRegistry registry http://registry.npm.taobao.org/
12 silly mapToRegistry data Result {
12 silly mapToRegistry   raw: 'fancyui',
12 silly mapToRegistry   scope: null,
12 silly mapToRegistry   escapedName: 'fancyui',
12 silly mapToRegistry   name: 'fancyui',
12 silly mapToRegistry   rawSpec: '',
12 silly mapToRegistry   spec: 'latest',
12 silly mapToRegistry   type: 'tag' }
13 silly mapToRegistry uri http://registry.npm.taobao.org/fancyui
14 verbose request uri http://registry.npm.taobao.org/fancyui
15 verbose request no auth needed
16 info attempt registry request try #1 at 15:37:44
17 verbose request id 567762edb8d5b22f
18 http request GET http://registry.npm.taobao.org/fancyui
19 http 200 http://registry.npm.taobao.org/fancyui
20 verbose headers { server: 'nginx/1.4.6 (Ubuntu)',
20 verbose headers   date: 'Sat, 31 Dec 2016 07:37:46 GMT',
20 verbose headers   'content-type': 'application/json; charset=utf-8',
20 verbose headers   'transfer-encoding': 'chunked',
20 verbose headers   connection: 'keep-alive',
20 verbose headers   'x-current-requests': '1',
20 verbose headers   'x-readtime': '16',
20 verbose headers   'content-encoding': 'gzip' }
21 silly get cb [ 200,
21 silly get   { server: 'nginx/1.4.6 (Ubuntu)',
21 silly get     date: 'Sat, 31 Dec 2016 07:37:46 GMT',
21 silly get     'content-type': 'application/json; charset=utf-8',
21 silly get     'transfer-encoding': 'chunked',
21 silly get     connection: 'keep-alive',
21 silly get     'x-current-requests': '1',
21 silly get     'x-readtime': '16',
21 silly get     'content-encoding': 'gzip' } ]
22 verbose get saving fancyui to /Users/guanbingchang/.npm/registry.npm.taobao.org/fancyui/.cache.json
23 verbose correctMkdir /Users/guanbingchang/.npm correctMkdir not in flight; initializing
24 silly install normalizeTree
25 silly loadCurrentTree Finishing
26 silly loadIdealTree Starting
27 silly install loadIdealTree
28 silly cloneCurrentTree Starting
29 silly install cloneCurrentTreeToIdealTree
30 silly cloneCurrentTree Finishing
31 silly loadShrinkwrap Starting
32 silly install loadShrinkwrap
33 silly loadShrinkwrap Finishing
34 silly loadAllDepsIntoIdealTree Starting
35 silly install loadAllDepsIntoIdealTree
36 silly resolveWithNewModule fancyui@2.1.4 checking installable status
37 silly cache add args [ 'fancyui@^2.0.7-split.2', null ]
38 verbose cache add spec fancyui@^2.0.7-split.2
39 silly cache add parsed spec Result {
39 silly cache add   raw: 'fancyui@^2.0.7-split.2',
39 silly cache add   scope: null,
39 silly cache add   escapedName: 'fancyui',
39 silly cache add   name: 'fancyui',
39 silly cache add   rawSpec: '^2.0.7-split.2',
39 silly cache add   spec: '>=2.0.7-split.2 <3.0.0',
39 silly cache add   type: 'range' }
40 silly addNamed fancyui@>=2.0.7-split.2 <3.0.0
41 verbose addNamed ">=2.0.7-split.2 <3.0.0" is a valid semver range for fancyui
42 silly addNameRange { name: 'fancyui',
42 silly addNameRange   range: '>=2.0.7-split.2 <3.0.0',
42 silly addNameRange   hasData: false }
43 silly mapToRegistry name fancyui
44 silly mapToRegistry using default registry
45 silly mapToRegistry registry http://registry.npm.taobao.org/
46 silly mapToRegistry data Result {
46 silly mapToRegistry   raw: 'fancyui',
46 silly mapToRegistry   scope: null,
46 silly mapToRegistry   escapedName: 'fancyui',
46 silly mapToRegistry   name: 'fancyui',
46 silly mapToRegistry   rawSpec: '',
46 silly mapToRegistry   spec: 'latest',
46 silly mapToRegistry   type: 'tag' }
47 silly mapToRegistry uri http://registry.npm.taobao.org/fancyui
48 verbose addNameRange registry:http://registry.npm.taobao.org/fancyui not in flight; fetching
49 verbose get http://registry.npm.taobao.org/fancyui not expired, no request
50 silly addNameRange number 2 { name: 'fancyui',
50 silly addNameRange   range: '>=2.0.7-split.2 <3.0.0',
50 silly addNameRange   hasData: true }
51 silly addNameRange versions [ 'fancyui', [ '2.1.4', '2.1.3', '0.2.0', '0.0.1' ] ]
52 silly addNamed fancyui@2.1.4
53 verbose addNamed "2.1.4" is a plain semver version for fancyui
54 silly cache afterAdd fancyui@2.1.4
55 verbose afterAdd /Users/guanbingchang/.npm/fancyui/2.1.4/package/package.json not in flight; writing
56 verbose correctMkdir /Users/guanbingchang/.npm correctMkdir not in flight; initializing
57 verbose afterAdd /Users/guanbingchang/.npm/fancyui/2.1.4/package/package.json written
58 silly fetchNamedPackageData angular-touch
59 silly mapToRegistry name angular-touch
60 silly mapToRegistry using default registry
61 silly mapToRegistry registry http://registry.npm.taobao.org/
62 silly mapToRegistry data Result {
62 silly mapToRegistry   raw: 'angular-touch',
62 silly mapToRegistry   scope: null,
62 silly mapToRegistry   escapedName: 'angular-touch',
62 silly mapToRegistry   name: 'angular-touch',
62 silly mapToRegistry   rawSpec: '',
62 silly mapToRegistry   spec: 'latest',
62 silly mapToRegistry   type: 'tag' }
63 silly mapToRegistry uri http://registry.npm.taobao.org/angular-touch
64 silly fetchNamedPackageData moment
65 silly mapToRegistry name moment
66 silly mapToRegistry using default registry
67 silly mapToRegistry registry http://registry.npm.taobao.org/
68 silly mapToRegistry data Result {
68 silly mapToRegistry   raw: 'moment',
68 silly mapToRegistry   scope: null,
68 silly mapToRegistry   escapedName: 'moment',
68 silly mapToRegistry   name: 'moment',
68 silly mapToRegistry   rawSpec: '',
68 silly mapToRegistry   spec: 'latest',
68 silly mapToRegistry   type: 'tag' }
69 silly mapToRegistry uri http://registry.npm.taobao.org/moment
70 silly fetchNamedPackageData angular-ui-router
71 silly mapToRegistry name angular-ui-router
72 silly mapToRegistry using default registry
73 silly mapToRegistry registry http://registry.npm.taobao.org/
74 silly mapToRegistry data Result {
74 silly mapToRegistry   raw: 'angular-ui-router',
74 silly mapToRegistry   scope: null,
74 silly mapToRegistry   escapedName: 'angular-ui-router',
74 silly mapToRegistry   name: 'angular-ui-router',
74 silly mapToRegistry   rawSpec: '',
74 silly mapToRegistry   spec: 'latest',
74 silly mapToRegistry   type: 'tag' }
75 silly mapToRegistry uri http://registry.npm.taobao.org/angular-ui-router
76 silly fetchNamedPackageData bp-datetimepicker
77 silly mapToRegistry name bp-datetimepicker
78 silly mapToRegistry using default registry
79 silly mapToRegistry registry http://registry.npm.taobao.org/
80 silly mapToRegistry data Result {
80 silly mapToRegistry   raw: 'bp-datetimepicker',
80 silly mapToRegistry   scope: null,
80 silly mapToRegistry   escapedName: 'bp-datetimepicker',
80 silly mapToRegistry   name: 'bp-datetimepicker',
80 silly mapToRegistry   rawSpec: '',
80 silly mapToRegistry   spec: 'latest',
80 silly mapToRegistry   type: 'tag' }
81 silly mapToRegistry uri http://registry.npm.taobao.org/bp-datetimepicker
82 silly fetchNamedPackageData classnames
83 silly mapToRegistry name classnames
84 silly mapToRegistry using default registry
85 silly mapToRegistry registry http://registry.npm.taobao.org/
86 silly mapToRegistry data Result {
86 silly mapToRegistry   raw: 'classnames',
86 silly mapToRegistry   scope: null,
86 silly mapToRegistry   escapedName: 'classnames',
86 silly mapToRegistry   name: 'classnames',
86 silly mapToRegistry   rawSpec: '',
86 silly mapToRegistry   spec: 'latest',
86 silly mapToRegistry   type: 'tag' }
87 silly mapToRegistry uri http://registry.npm.taobao.org/classnames
88 silly fetchNamedPackageData ui-select
89 silly mapToRegistry name ui-select
90 silly mapToRegistry using default registry
91 silly mapToRegistry registry http://registry.npm.taobao.org/
92 silly mapToRegistry data Result {
92 silly mapToRegistry   raw: 'ui-select',
92 silly mapToRegistry   scope: null,
92 silly mapToRegistry   escapedName: 'ui-select',
92 silly mapToRegistry   name: 'ui-select',
92 silly mapToRegistry   rawSpec: '',
92 silly mapToRegistry   spec: 'latest',
92 silly mapToRegistry   type: 'tag' }
93 silly mapToRegistry uri http://registry.npm.taobao.org/ui-select
94 verbose request uri http://registry.npm.taobao.org/angular-touch
95 verbose request no auth needed
96 info attempt registry request try #1 at 15:37:47
97 http request GET http://registry.npm.taobao.org/angular-touch
98 verbose request uri http://registry.npm.taobao.org/moment
99 verbose request no auth needed
100 info attempt registry request try #1 at 15:37:47
101 http request GET http://registry.npm.taobao.org/moment
102 verbose request uri http://registry.npm.taobao.org/bp-datetimepicker
103 verbose request no auth needed
104 info attempt registry request try #1 at 15:37:47
105 http request GET http://registry.npm.taobao.org/bp-datetimepicker
106 verbose request uri http://registry.npm.taobao.org/ui-select
107 verbose request no auth needed
108 info attempt registry request try #1 at 15:37:47
109 http request GET http://registry.npm.taobao.org/ui-select
110 verbose request uri http://registry.npm.taobao.org/classnames
111 verbose request no auth needed
112 info attempt registry request try #1 at 15:37:47
113 http request GET http://registry.npm.taobao.org/classnames
114 verbose request uri http://registry.npm.taobao.org/angular-ui-router
115 verbose request no auth needed
116 info attempt registry request try #1 at 15:37:47
117 http request GET http://registry.npm.taobao.org/angular-ui-router
118 http 200 http://registry.npm.taobao.org/angular-touch
119 verbose headers { server: 'nginx/1.4.6 (Ubuntu)',
119 verbose headers   date: 'Sat, 31 Dec 2016 07:37:48 GMT',
119 verbose headers   'content-type': 'application/json; charset=utf-8',
119 verbose headers   'transfer-encoding': 'chunked',
119 verbose headers   connection: 'keep-alive',
119 verbose headers   'x-current-requests': '1',
119 verbose headers   'x-readtime': '53',
119 verbose headers   'content-encoding': 'gzip' }
120 silly get cb [ 200,
120 silly get   { server: 'nginx/1.4.6 (Ubuntu)',
120 silly get     date: 'Sat, 31 Dec 2016 07:37:48 GMT',
120 silly get     'content-type': 'application/json; charset=utf-8',
120 silly get     'transfer-encoding': 'chunked',
120 silly get     connection: 'keep-alive',
120 silly get     'x-current-requests': '1',
120 silly get     'x-readtime': '53',
120 silly get     'content-encoding': 'gzip' } ]
121 verbose get saving angular-touch to /Users/guanbingchang/.npm/registry.npm.taobao.org/angular-touch/.cache.json
122 verbose correctMkdir /Users/guanbingchang/.npm correctMkdir not in flight; initializing
123 silly resolveWithNewModule angular-touch@1.5.10 checking installable status
124 silly cache add args [ 'angular-touch@~1.5.8', null ]
125 verbose cache add spec angular-touch@~1.5.8
126 silly cache add parsed spec Result {
126 silly cache add   raw: 'angular-touch@~1.5.8',
126 silly cache add   scope: null,
126 silly cache add   escapedName: 'angular-touch',
126 silly cache add   name: 'angular-touch',
126 silly cache add   rawSpec: '~1.5.8',
126 silly cache add   spec: '>=1.5.8 <1.6.0',
126 silly cache add   type: 'range' }
127 silly addNamed angular-touch@>=1.5.8 <1.6.0
128 verbose addNamed ">=1.5.8 <1.6.0" is a valid semver range for angular-touch
129 silly addNameRange { name: 'angular-touch',
129 silly addNameRange   range: '>=1.5.8 <1.6.0',
129 silly addNameRange   hasData: false }
130 silly mapToRegistry name angular-touch
131 silly mapToRegistry using default registry
132 silly mapToRegistry registry http://registry.npm.taobao.org/
133 silly mapToRegistry data Result {
133 silly mapToRegistry   raw: 'angular-touch',
133 silly mapToRegistry   scope: null,
133 silly mapToRegistry   escapedName: 'angular-touch',
133 silly mapToRegistry   name: 'angular-touch',
133 silly mapToRegistry   rawSpec: '',
133 silly mapToRegistry   spec: 'latest',
133 silly mapToRegistry   type: 'tag' }
134 silly mapToRegistry uri http://registry.npm.taobao.org/angular-touch
135 verbose addNameRange registry:http://registry.npm.taobao.org/angular-touch not in flight; fetching
136 verbose get http://registry.npm.taobao.org/angular-touch not expired, no request
137 silly addNameRange number 2 { name: 'angular-touch', range: '>=1.5.8 <1.6.0', hasData: true }
138 silly addNameRange versions [ 'angular-touch',
138 silly addNameRange   [ '1.6.1',
138 silly addNameRange     '1.5.10',
138 silly addNameRange     '1.6.0',
138 silly addNameRange     '1.6.0-rc.2',
138 silly addNameRange     '1.5.9',
138 silly addNameRange     '1.6.0-rc.1',
138 silly addNameRange     '1.6.0-rc.0',
138 silly addNameRange     '1.4.14',
138 silly addNameRange     '1.2.32',
138 silly addNameRange     '1.2.31',
138 silly addNameRange     '1.4.13',
138 silly addNameRange     '1.5.8',
138 silly addNameRange     '1.2.30',
138 silly addNameRange     '1.5.7',
138 silly addNameRange     '1.4.12',
138 silly addNameRange     '1.5.6',
138 silly addNameRange     '1.4.11',
138 silly addNameRange     '1.5.5',
138 silly addNameRange     '1.5.3',
138 silly addNameRange     '1.5.2',
138 silly addNameRange     '1.4.10',
138 silly addNameRange     '1.5.1',
138 silly addNameRange     '1.5.0',
138 silly addNameRange     '1.5.0-rc.2',
138 silly addNameRange     '1.4.9',
138 silly addNameRange     '1.5.0-rc.1',
138 silly addNameRange     '1.5.0-rc.0',
138 silly addNameRange     '1.4.8',
138 silly addNameRange     '1.5.0-beta.2',
138 silly addNameRange     '1.4.7',
138 silly addNameRange     '1.3.20',
138 silly addNameRange     '1.2.29',
138 silly addNameRange     '1.5.0-beta.0',
138 silly addNameRange     '1.4.6',
138 silly addNameRange     '1.3.19',
138 silly addNameRange     '1.4.5',
138 silly addNameRange     '1.3.18',
138 silly addNameRange     '1.4.4',
138 silly addNameRange     '1.4.3',
138 silly addNameRange     '1.3.17',
138 silly addNameRange     '1.4.2',
138 silly addNameRange     '1.4.1',
138 silly addNameRange     '1.3.16',
138 silly addNameRange     '1.4.0',
138 silly addNameRange     '1.4.0-rc.2',
138 silly addNameRange     '1.4.0-rc.1',
138 silly addNameRange     '1.4.0-rc.0',
138 silly addNameRange     '1.3.15',
138 silly addNameRange     '1.4.0-beta.6',
138 silly addNameRange     '1.4.0-beta.5',
138 silly addNameRange     '1.3.14',
138 silly addNameRange     '1.4.0-beta.4',
138 silly addNameRange     '1.3.13',
138 silly addNameRange     '1.3.12',
138 silly addNameRange     '1.4.0-beta.3',
138 silly addNameRange     '1.3.11',
138 silly addNameRange     '1.4.0-beta.2',
138 silly addNameRange     '1.4.0-beta.1',
138 silly addNameRange     '1.3.10',
138 silly addNameRange     '1.3.9',
138 silly addNameRange     '1.4.0-beta.0',
138 silly addNameRange     '1.3.8',
138 silly addNameRange     '1.2.28',
138 silly addNameRange     '1.3.7',
138 silly addNameRange     '1.3.6',
138 silly addNameRange     '1.3.5',
138 silly addNameRange     '1.3.4',
138 silly addNameRange     '1.2.27',
138 silly addNameRange     '1.3.4-build.3587',
138 silly addNameRange     '1.3.3',
138 silly addNameRange     '1.3.2',
138 silly addNameRange     '1.3.1',
138 silly addNameRange     '1.3.0',
138 silly addNameRange     '1.3.0-rc.5' ] ]
139 silly addNamed angular-touch@1.5.10
140 verbose addNamed "1.5.10" is a plain semver version for angular-touch
141 silly cache afterAdd angular-touch@1.5.10
142 verbose afterAdd /Users/guanbingchang/.npm/angular-touch/1.5.10/package/package.json not in flight; writing
143 verbose correctMkdir /Users/guanbingchang/.npm correctMkdir not in flight; initializing
144 verbose afterAdd /Users/guanbingchang/.npm/angular-touch/1.5.10/package/package.json written
145 http 200 http://registry.npm.taobao.org/classnames
146 verbose headers { server: 'nginx/1.4.6 (Ubuntu)',
146 verbose headers   date: 'Sat, 31 Dec 2016 07:37:48 GMT',
146 verbose headers   'content-type': 'application/json; charset=utf-8',
146 verbose headers   'transfer-encoding': 'chunked',
146 verbose headers   connection: 'keep-alive',
146 verbose headers   'x-current-requests': '1',
146 verbose headers   'x-readtime': '32',
146 verbose headers   'content-encoding': 'gzip' }
147 silly get cb [ 200,
147 silly get   { server: 'nginx/1.4.6 (Ubuntu)',
147 silly get     date: 'Sat, 31 Dec 2016 07:37:48 GMT',
147 silly get     'content-type': 'application/json; charset=utf-8',
147 silly get     'transfer-encoding': 'chunked',
147 silly get     connection: 'keep-alive',
147 silly get     'x-current-requests': '1',
147 silly get     'x-readtime': '32',
147 silly get     'content-encoding': 'gzip' } ]
148 verbose get saving classnames to /Users/guanbingchang/.npm/registry.npm.taobao.org/classnames/.cache.json
149 verbose correctMkdir /Users/guanbingchang/.npm correctMkdir not in flight; initializing
150 silly resolveWithNewModule classnames@2.2.5 checking installable status
151 silly cache add args [ 'classnames@^2.2.5', null ]
152 verbose cache add spec classnames@^2.2.5
153 silly cache add parsed spec Result {
153 silly cache add   raw: 'classnames@^2.2.5',
153 silly cache add   scope: null,
153 silly cache add   escapedName: 'classnames',
153 silly cache add   name: 'classnames',
153 silly cache add   rawSpec: '^2.2.5',
153 silly cache add   spec: '>=2.2.5 <3.0.0',
153 silly cache add   type: 'range' }
154 silly addNamed classnames@>=2.2.5 <3.0.0
155 verbose addNamed ">=2.2.5 <3.0.0" is a valid semver range for classnames
156 silly addNameRange { name: 'classnames', range: '>=2.2.5 <3.0.0', hasData: false }
157 silly mapToRegistry name classnames
158 silly mapToRegistry using default registry
159 silly mapToRegistry registry http://registry.npm.taobao.org/
160 silly mapToRegistry data Result {
160 silly mapToRegistry   raw: 'classnames',
160 silly mapToRegistry   scope: null,
160 silly mapToRegistry   escapedName: 'classnames',
160 silly mapToRegistry   name: 'classnames',
160 silly mapToRegistry   rawSpec: '',
160 silly mapToRegistry   spec: 'latest',
160 silly mapToRegistry   type: 'tag' }
161 silly mapToRegistry uri http://registry.npm.taobao.org/classnames
162 verbose addNameRange registry:http://registry.npm.taobao.org/classnames not in flight; fetching
163 verbose get http://registry.npm.taobao.org/classnames not expired, no request
164 silly addNameRange number 2 { name: 'classnames', range: '>=2.2.5 <3.0.0', hasData: true }
165 silly addNameRange versions [ 'classnames',
165 silly addNameRange   [ '2.2.5',
165 silly addNameRange     '2.2.4',
165 silly addNameRange     '2.2.3',
165 silly addNameRange     '2.2.2',
165 silly addNameRange     '2.2.1',
165 silly addNameRange     '2.2.0',
165 silly addNameRange     '2.1.5',
165 silly addNameRange     '2.1.4',
165 silly addNameRange     '2.1.3',
165 silly addNameRange     '2.1.2',
165 silly addNameRange     '2.1.1',
165 silly addNameRange     '2.1.0',
165 silly addNameRange     '2.0.0',
165 silly addNameRange     '1.2.2',
165 silly addNameRange     '1.2.1',
165 silly addNameRange     '1.2.0',
165 silly addNameRange     '1.1.4',
165 silly addNameRange     '1.1.3',
165 silly addNameRange     '1.1.2',
165 silly addNameRange     '1.1.1',
165 silly addNameRange     '1.1.0',
165 silly addNameRange     '1.0.0' ] ]
166 silly addNamed classnames@2.2.5
167 verbose addNamed "2.2.5" is a plain semver version for classnames
168 silly cache afterAdd classnames@2.2.5
169 verbose afterAdd /Users/guanbingchang/.npm/classnames/2.2.5/package/package.json not in flight; writing
170 verbose correctMkdir /Users/guanbingchang/.npm correctMkdir not in flight; initializing
171 verbose afterAdd /Users/guanbingchang/.npm/classnames/2.2.5/package/package.json written
172 http 200 http://registry.npm.taobao.org/ui-select
173 verbose headers { server: 'nginx/1.4.6 (Ubuntu)',
173 verbose headers   date: 'Sat, 31 Dec 2016 07:37:48 GMT',
173 verbose headers   'content-type': 'application/json; charset=utf-8',
173 verbose headers   'transfer-encoding': 'chunked',
173 verbose headers   connection: 'keep-alive',
173 verbose headers   'x-current-requests': '1',
173 verbose headers   'x-readtime': '36',
173 verbose headers   'content-encoding': 'gzip' }
174 silly get cb [ 200,
174 silly get   { server: 'nginx/1.4.6 (Ubuntu)',
174 silly get     date: 'Sat, 31 Dec 2016 07:37:48 GMT',
174 silly get     'content-type': 'application/json; charset=utf-8',
174 silly get     'transfer-encoding': 'chunked',
174 silly get     connection: 'keep-alive',
174 silly get     'x-current-requests': '1',
174 silly get     'x-readtime': '36',
174 silly get     'content-encoding': 'gzip' } ]
175 verbose get saving ui-select to /Users/guanbingchang/.npm/registry.npm.taobao.org/ui-select/.cache.json
176 verbose correctMkdir /Users/guanbingchang/.npm correctMkdir not in flight; initializing
177 silly resolveWithNewModule ui-select@0.19.6 checking installable status
178 silly cache add args [ 'ui-select@^0.19.6', null ]
179 verbose cache add spec ui-select@^0.19.6
180 silly cache add parsed spec Result {
180 silly cache add   raw: 'ui-select@^0.19.6',
180 silly cache add   scope: null,
180 silly cache add   escapedName: 'ui-select',
180 silly cache add   name: 'ui-select',
180 silly cache add   rawSpec: '^0.19.6',
180 silly cache add   spec: '>=0.19.6 <0.20.0',
180 silly cache add   type: 'range' }
181 silly addNamed ui-select@>=0.19.6 <0.20.0
182 verbose addNamed ">=0.19.6 <0.20.0" is a valid semver range for ui-select
183 silly addNameRange { name: 'ui-select', range: '>=0.19.6 <0.20.0', hasData: false }
184 silly mapToRegistry name ui-select
185 silly mapToRegistry using default registry
186 silly mapToRegistry registry http://registry.npm.taobao.org/
187 silly mapToRegistry data Result {
187 silly mapToRegistry   raw: 'ui-select',
187 silly mapToRegistry   scope: null,
187 silly mapToRegistry   escapedName: 'ui-select',
187 silly mapToRegistry   name: 'ui-select',
187 silly mapToRegistry   rawSpec: '',
187 silly mapToRegistry   spec: 'latest',
187 silly mapToRegistry   type: 'tag' }
188 silly mapToRegistry uri http://registry.npm.taobao.org/ui-select
189 verbose addNameRange registry:http://registry.npm.taobao.org/ui-select not in flight; fetching
190 verbose get http://registry.npm.taobao.org/ui-select not expired, no request
191 silly addNameRange number 2 { name: 'ui-select', range: '>=0.19.6 <0.20.0', hasData: true }
192 silly addNameRange versions [ 'ui-select',
192 silly addNameRange   [ '0.19.6',
192 silly addNameRange     '0.19.5',
192 silly addNameRange     '0.20.0',
192 silly addNameRange     '0.19.4',
192 silly addNameRange     '0.19.3',
192 silly addNameRange     '0.19.2',
192 silly addNameRange     '0.19.1',
192 silly addNameRange     '0.19.0',
192 silly addNameRange     '0.18.1',
192 silly addNameRange     '0.18.0',
192 silly addNameRange     '0.17.1',
192 silly addNameRange     '0.17.0',
192 silly addNameRange     '0.16.1',
192 silly addNameRange     '0.16.0',
192 silly addNameRange     '0.14.10',
192 silly addNameRange     '0.14.7',
192 silly addNameRange     '0.14.6',
192 silly addNameRange     '0.14.5',
192 silly addNameRange     '0.14.4',
192 silly addNameRange     '0.14.3',
192 silly addNameRange     '0.14.2',
192 silly addNameRange     '0.14.1',
192 silly addNameRange     '0.14.0',
192 silly addNameRange     '0.13.3',
192 silly addNameRange     '0.15.0-ar',
192 silly addNameRange     '0.13.2-amd',
192 silly addNameRange     '0.13.2',
192 silly addNameRange     '0.11.2' ] ]
193 silly addNamed ui-select@0.19.6
194 verbose addNamed "0.19.6" is a plain semver version for ui-select
195 silly cache afterAdd ui-select@0.19.6
196 verbose afterAdd /Users/guanbingchang/.npm/ui-select/0.19.6/package/package.json not in flight; writing
197 verbose correctMkdir /Users/guanbingchang/.npm correctMkdir not in flight; initializing
198 verbose afterAdd /Users/guanbingchang/.npm/ui-select/0.19.6/package/package.json written
199 http 200 http://registry.npm.taobao.org/moment
200 verbose headers { server: 'nginx/1.4.6 (Ubuntu)',
200 verbose headers   date: 'Sat, 31 Dec 2016 07:37:48 GMT',
200 verbose headers   'content-type': 'application/json; charset=utf-8',
200 verbose headers   'transfer-encoding': 'chunked',
200 verbose headers   connection: 'keep-alive',
200 verbose headers   'x-current-requests': '1',
200 verbose headers   'x-readtime': '53',
200 verbose headers   'content-encoding': 'gzip' }
201 silly get cb [ 200,
201 silly get   { server: 'nginx/1.4.6 (Ubuntu)',
201 silly get     date: 'Sat, 31 Dec 2016 07:37:48 GMT',
201 silly get     'content-type': 'application/json; charset=utf-8',
201 silly get     'transfer-encoding': 'chunked',
201 silly get     connection: 'keep-alive',
201 silly get     'x-current-requests': '1',
201 silly get     'x-readtime': '53',
201 silly get     'content-encoding': 'gzip' } ]
202 verbose get saving moment to /Users/guanbingchang/.npm/registry.npm.taobao.org/moment/.cache.json
203 verbose correctMkdir /Users/guanbingchang/.npm correctMkdir not in flight; initializing
204 silly resolveWithNewModule moment@2.17.1 checking installable status
205 silly cache add args [ 'moment@^2.13.0', null ]
206 verbose cache add spec moment@^2.13.0
207 silly cache add parsed spec Result {
207 silly cache add   raw: 'moment@^2.13.0',
207 silly cache add   scope: null,
207 silly cache add   escapedName: 'moment',
207 silly cache add   name: 'moment',
207 silly cache add   rawSpec: '^2.13.0',
207 silly cache add   spec: '>=2.13.0 <3.0.0',
207 silly cache add   type: 'range' }
208 silly addNamed moment@>=2.13.0 <3.0.0
209 verbose addNamed ">=2.13.0 <3.0.0" is a valid semver range for moment
210 silly addNameRange { name: 'moment', range: '>=2.13.0 <3.0.0', hasData: false }
211 silly mapToRegistry name moment
212 silly mapToRegistry using default registry
213 silly mapToRegistry registry http://registry.npm.taobao.org/
214 silly mapToRegistry data Result {
214 silly mapToRegistry   raw: 'moment',
214 silly mapToRegistry   scope: null,
214 silly mapToRegistry   escapedName: 'moment',
214 silly mapToRegistry   name: 'moment',
214 silly mapToRegistry   rawSpec: '',
214 silly mapToRegistry   spec: 'latest',
214 silly mapToRegistry   type: 'tag' }
215 silly mapToRegistry uri http://registry.npm.taobao.org/moment
216 verbose addNameRange registry:http://registry.npm.taobao.org/moment not in flight; fetching
217 verbose get http://registry.npm.taobao.org/moment not expired, no request
218 silly addNameRange number 2 { name: 'moment', range: '>=2.13.0 <3.0.0', hasData: true }
219 silly addNameRange versions [ 'moment',
219 silly addNameRange   [ '2.17.1',
219 silly addNameRange     '2.17.0',
219 silly addNameRange     '2.16.0',
219 silly addNameRange     '2.15.2',
219 silly addNameRange     '2.15.1',
219 silly addNameRange     '2.15.0',
219 silly addNameRange     '2.14.1',
219 silly addNameRange     '2.14.0',
219 silly addNameRange     '2.13.0',
219 silly addNameRange     '2.12.0',
219 silly addNameRange     '2.11.2',
219 silly addNameRange     '2.11.1',
219 silly addNameRange     '2.11.0',
219 silly addNameRange     '2.10.6',
219 silly addNameRange     '2.10.5',
219 silly addNameRange     '2.10.3',
219 silly addNameRange     '2.10.2',
219 silly addNameRange     '2.9.0',
219 silly addNameRange     '2.8.4',
219 silly addNameRange     '2.8.3',
219 silly addNameRange     '2.8.2',
219 silly addNameRange     '2.8.1',
219 silly addNameRange     '2.7.0',
219 silly addNameRange     '2.6.0',
219 silly addNameRange     '2.5.1',
219 silly addNameRange     '2.5.0',
219 silly addNameRange     '2.4.0',
219 silly addNameRange     '2.3.1',
219 silly addNameRange     '2.3.0',
219 silly addNameRange     '2.2.1',
219 silly addNameRange     '2.1.0',
219 silly addNameRange     '2.0.0',
219 silly addNameRange     '1.7.2',
219 silly addNameRange     '1.7.1',
219 silly addNameRange     '1.7.0',
219 silly addNameRange     '1.6.2',
219 silly addNameRange     '1.6.1',
219 silly addNameRange     '1.6.0',
219 silly addNameRange     '1.5.1',
219 silly addNameRange     '1.5.0',
219 silly addNameRange     '1.4.0',
219 silly addNameRange     '1.3.0',
219 silly addNameRange     '1.0.1',
219 silly addNameRange     '1.2.0',
219 silly addNameRange     '1.0.0',
219 silly addNameRange     '1.1.1',
219 silly addNameRange     '1.1.0' ] ]
220 silly addNamed moment@2.17.1
221 verbose addNamed "2.17.1" is a plain semver version for moment
222 silly cache afterAdd moment@2.17.1
223 verbose afterAdd /Users/guanbingchang/.npm/moment/2.17.1/package/package.json not in flight; writing
224 verbose correctMkdir /Users/guanbingchang/.npm correctMkdir not in flight; initializing
225 verbose afterAdd /Users/guanbingchang/.npm/moment/2.17.1/package/package.json written
226 http 200 http://registry.npm.taobao.org/angular-ui-router
227 verbose headers { server: 'nginx/1.4.6 (Ubuntu)',
227 verbose headers   date: 'Sat, 31 Dec 2016 07:37:50 GMT',
227 verbose headers   'content-type': 'application/json; charset=utf-8',
227 verbose headers   'transfer-encoding': 'chunked',
227 verbose headers   connection: 'keep-alive',
227 verbose headers   'x-current-requests': '1',
227 verbose headers   'x-readtime': '43',
227 verbose headers   'content-encoding': 'gzip' }
228 silly get cb [ 200,
228 silly get   { server: 'nginx/1.4.6 (Ubuntu)',
228 silly get     date: 'Sat, 31 Dec 2016 07:37:50 GMT',
228 silly get     'content-type': 'application/json; charset=utf-8',
228 silly get     'transfer-encoding': 'chunked',
228 silly get     connection: 'keep-alive',
228 silly get     'x-current-requests': '1',
228 silly get     'x-readtime': '43',
228 silly get     'content-encoding': 'gzip' } ]
229 verbose get saving angular-ui-router to /Users/guanbingchang/.npm/registry.npm.taobao.org/angular-ui-router/.cache.json
230 verbose correctMkdir /Users/guanbingchang/.npm correctMkdir not in flight; initializing
231 silly resolveWithNewModule angular-ui-router@0.3.2 checking installable status
232 silly cache add args [ 'angular-ui-router@^0.3.1', null ]
233 verbose cache add spec angular-ui-router@^0.3.1
234 silly cache add parsed spec Result {
234 silly cache add   raw: 'angular-ui-router@^0.3.1',
234 silly cache add   scope: null,
234 silly cache add   escapedName: 'angular-ui-router',
234 silly cache add   name: 'angular-ui-router',
234 silly cache add   rawSpec: '^0.3.1',
234 silly cache add   spec: '>=0.3.1 <0.4.0',
234 silly cache add   type: 'range' }
235 silly addNamed angular-ui-router@>=0.3.1 <0.4.0
236 verbose addNamed ">=0.3.1 <0.4.0" is a valid semver range for angular-ui-router
237 silly addNameRange { name: 'angular-ui-router',
237 silly addNameRange   range: '>=0.3.1 <0.4.0',
237 silly addNameRange   hasData: false }
238 silly mapToRegistry name angular-ui-router
239 silly mapToRegistry using default registry
240 silly mapToRegistry registry http://registry.npm.taobao.org/
241 silly mapToRegistry data Result {
241 silly mapToRegistry   raw: 'angular-ui-router',
241 silly mapToRegistry   scope: null,
241 silly mapToRegistry   escapedName: 'angular-ui-router',
241 silly mapToRegistry   name: 'angular-ui-router',
241 silly mapToRegistry   rawSpec: '',
241 silly mapToRegistry   spec: 'latest',
241 silly mapToRegistry   type: 'tag' }
242 silly mapToRegistry uri http://registry.npm.taobao.org/angular-ui-router
243 verbose addNameRange registry:http://registry.npm.taobao.org/angular-ui-router not in flight; fetching
244 verbose get http://registry.npm.taobao.org/angular-ui-router not expired, no request
245 silly addNameRange number 2 { name: 'angular-ui-router',
245 silly addNameRange   range: '>=0.3.1 <0.4.0',
245 silly addNameRange   hasData: true }
246 silly addNameRange versions [ 'angular-ui-router',
246 silly addNameRange   [ '0.3.2',
246 silly addNameRange     '1.0.0-beta.3',
246 silly addNameRange     '1.0.0-beta.2',
246 silly addNameRange     '1.0.0-beta.1',
246 silly addNameRange     '0.3.1',
246 silly addNameRange     '0.3.0',
246 silly addNameRange     '1.0.0-alpha.5',
246 silly addNameRange     '1.0.0-alpha.4',
246 silly addNameRange     '1.0.0-alpha.3',
246 silly addNameRange     '1.0.0-alpha.2',
246 silly addNameRange     '1.0.0-alpha.1',
246 silly addNameRange     '0.2.18',
246 silly addNameRange     '0.2.17',
246 silly addNameRange     '0.2.16',
246 silly addNameRange     '0.2.15',
246 silly addNameRange     '0.2.14',
246 silly addNameRange     '0.2.13',
246 silly addNameRange     '0.2.11',
246 silly addNameRange     '0.2.10',
246 silly addNameRange     '0.2.8',
246 silly addNameRange     '0.2.7' ] ]
247 silly addNamed angular-ui-router@0.3.2
248 verbose addNamed "0.3.2" is a plain semver version for angular-ui-router
249 silly cache afterAdd angular-ui-router@0.3.2
250 verbose afterAdd /Users/guanbingchang/.npm/angular-ui-router/0.3.2/package/package.json not in flight; writing
251 verbose correctMkdir /Users/guanbingchang/.npm correctMkdir not in flight; initializing
252 verbose afterAdd /Users/guanbingchang/.npm/angular-ui-router/0.3.2/package/package.json written
253 http 404 http://registry.npm.taobao.org/bp-datetimepicker
254 verbose headers { 'content-type': 'application/json',
254 verbose headers   'cache-control': 'max-age=0',
254 verbose headers   'content-length': '2',
254 verbose headers   'accept-ranges': 'bytes',
254 verbose headers   date: 'Sat, 31 Dec 2016 07:38:55 GMT',
254 verbose headers   via: '1.1 varnish',
254 verbose headers   age: '0',
254 verbose headers   connection: 'close',
254 verbose headers   'x-served-by': 'cache-nrt6134-NRT',
254 verbose headers   'x-cache': 'MISS',
254 verbose headers   'x-cache-hits': '0',
254 verbose headers   'x-timer': 'S1483169935.262307,VS0,VE702',
254 verbose headers   vary: 'Accept-Encoding' }
255 silly get cb [ 404,
255 silly get   { 'content-type': 'application/json',
255 silly get     'cache-control': 'max-age=0',
255 silly get     'content-length': '2',
255 silly get     'accept-ranges': 'bytes',
255 silly get     date: 'Sat, 31 Dec 2016 07:38:55 GMT',
255 silly get     via: '1.1 varnish',
255 silly get     age: '0',
255 silly get     connection: 'close',
255 silly get     'x-served-by': 'cache-nrt6134-NRT',
255 silly get     'x-cache': 'MISS',
255 silly get     'x-cache-hits': '0',
255 silly get     'x-timer': 'S1483169935.262307,VS0,VE702',
255 silly get     vary: 'Accept-Encoding' } ]
256 silly fetchPackageMetaData Error: Registry returned 404 for GET on http://registry.npm.taobao.org/bp-datetimepicker
256 silly fetchPackageMetaData     at makeError (/usr/local/lib/node_modules/npm/node_modules/npm-registry-client/lib/request.js:302:12)
256 silly fetchPackageMetaData     at CachingRegistryClient.<anonymous> (/usr/local/lib/node_modules/npm/node_modules/npm-registry-client/lib/request.js:280:14)
256 silly fetchPackageMetaData     at Request._callback (/usr/local/lib/node_modules/npm/node_modules/npm-registry-client/lib/request.js:210:14)
256 silly fetchPackageMetaData     at Request.self.callback (/usr/local/lib/node_modules/npm/node_modules/request/request.js:186:22)
256 silly fetchPackageMetaData     at emitTwo (events.js:106:13)
256 silly fetchPackageMetaData     at Request.emit (events.js:191:7)
256 silly fetchPackageMetaData     at Request.<anonymous> (/usr/local/lib/node_modules/npm/node_modules/request/request.js:1081:10)
256 silly fetchPackageMetaData     at emitOne (events.js:96:13)
256 silly fetchPackageMetaData     at Request.emit (events.js:188:7)
256 silly fetchPackageMetaData     at IncomingMessage.<anonymous> (/usr/local/lib/node_modules/npm/node_modules/request/request.js:1001:12)
256 silly fetchPackageMetaData  error for bp-datetimepicker@0.0.1 { Error: Registry returned 404 for GET on http://registry.npm.taobao.org/bp-datetimepicker
256 silly fetchPackageMetaData     at makeError (/usr/local/lib/node_modules/npm/node_modules/npm-registry-client/lib/request.js:302:12)
256 silly fetchPackageMetaData     at CachingRegistryClient.<anonymous> (/usr/local/lib/node_modules/npm/node_modules/npm-registry-client/lib/request.js:280:14)
256 silly fetchPackageMetaData     at Request._callback (/usr/local/lib/node_modules/npm/node_modules/npm-registry-client/lib/request.js:210:14)
256 silly fetchPackageMetaData     at Request.self.callback (/usr/local/lib/node_modules/npm/node_modules/request/request.js:186:22)
256 silly fetchPackageMetaData     at emitTwo (events.js:106:13)
256 silly fetchPackageMetaData     at Request.emit (events.js:191:7)
256 silly fetchPackageMetaData     at Request.<anonymous> (/usr/local/lib/node_modules/npm/node_modules/request/request.js:1081:10)
256 silly fetchPackageMetaData     at emitOne (events.js:96:13)
256 silly fetchPackageMetaData     at Request.emit (events.js:188:7)
256 silly fetchPackageMetaData     at IncomingMessage.<anonymous> (/usr/local/lib/node_modules/npm/node_modules/request/request.js:1001:12) pkgid: 'bp-datetimepicker', statusCode: 404, code: 'E404' }
257 silly rollbackFailedOptional Starting
258 silly rollbackFailedOptional Finishing
259 silly runTopLevelLifecycles Finishing
260 silly install printInstalled
261 verbose stack Error: Registry returned 404 for GET on http://registry.npm.taobao.org/bp-datetimepicker
261 verbose stack     at makeError (/usr/local/lib/node_modules/npm/node_modules/npm-registry-client/lib/request.js:302:12)
261 verbose stack     at CachingRegistryClient.<anonymous> (/usr/local/lib/node_modules/npm/node_modules/npm-registry-client/lib/request.js:280:14)
261 verbose stack     at Request._callback (/usr/local/lib/node_modules/npm/node_modules/npm-registry-client/lib/request.js:210:14)
261 verbose stack     at Request.self.callback (/usr/local/lib/node_modules/npm/node_modules/request/request.js:186:22)
261 verbose stack     at emitTwo (events.js:106:13)
261 verbose stack     at Request.emit (events.js:191:7)
261 verbose stack     at Request.<anonymous> (/usr/local/lib/node_modules/npm/node_modules/request/request.js:1081:10)
261 verbose stack     at emitOne (events.js:96:13)
261 verbose stack     at Request.emit (events.js:188:7)
261 verbose stack     at IncomingMessage.<anonymous> (/usr/local/lib/node_modules/npm/node_modules/request/request.js:1001:12)
262 verbose statusCode 404
263 verbose pkgid bp-datetimepicker
264 verbose cwd /workspace/github/fancyui/example
265 error Darwin 15.4.0
266 error argv "/usr/local/bin/node" "/usr/local/bin/npm" "install" "fancyui" "-d"
267 error node v6.2.0
268 error npm  v4.0.3
269 error code E404
270 error 404 Registry returned 404 for GET on http://registry.npm.taobao.org/bp-datetimepicker
271 error 404
272 error 404 'bp-datetimepicker' is not in the npm registry.
273 error 404 You should bug the author to publish it (or use the name yourself!)
274 error 404 It was specified as a dependency of 'fancyui'
275 error 404 Note that you can also install from a
276 error 404 tarball, folder, http url, or git url.
277 verbose exit [ 1, true ]
